2022-07-12 12:17:40,243 - INFO - analysis - analysis.py - Пользователь unit_head1 был на странице загрузки ежедневных анализов.
2022-07-12 12:19:38,758 - INFO - analysis - analysis.py - Пользователь unit_head1 был на странице загрузки ежедневных анализов.
2022-07-12 12:22:44,160 - Пользователь Иван Иванов (unit_head1) был на странице загрузки ежедневных анализов.
2022-07-12 12:27:37,325 - Пользователь Иван Иванов (@unit_head1) был на странице управления задачами.
2022-07-12 12:27:43,257 - Пользователь Иван Иванов (@unit_head1) был на странице отчетов.
2022-07-12 12:27:48,846 - Пользователь Иван Иванов (@unit_head1) был на странице результатов.
2022-07-12 12:27:53,368 - Пользователь Иван Иванов (@unit_head1) был на странице архивных задач.
2022-07-12 12:27:57,804 - Пользователь Иван Иванов (@unit_head1) был на странице детального просмотра задачи.
2022-07-12 12:28:19,001 - Пользователь admin adminov (@admin) был на странице результатов.
2022-07-12 12:28:27,638 - Пользователь admin adminov (@admin) был на странице загрузки анализов.
2022-07-12 12:30:15,311 - Пользователь admin adminov (@admin) был на странице управления задачами.
2022-07-12 12:30:51,175 - Пользователь admin adminov (@admin) был на странице результатов.
2022-07-12 12:30:53,197 - Пользователь admin adminov (@admin) был на странице редактирования пользователей.
2022-07-12 12:46:43 - Пользователь admin adminov (@admin) был на странице результатов.
2022-07-12 16:43:29 - Пользователь admin adminov (@admin) был на странице загрузки анализов.
2022-07-12 16:43:34 - Пользователь admin adminov (@admin) был на странице отчетов.
2022-07-12 17:17:27 - Пользователь admin adminov (@admin) был на странице загрузки анализов.
2022-07-12 18:22:33 - Пользователь admin adminov (@admin) был на странице результатов.
2022-07-14 11:55:51 - Пользователь admin adminov (@admin) был на странице загрузки анализов.
2022-07-14 13:04:45 - Пользователь admin adminov (@admin) был на странице загрузки анализов.
2022-07-14 14:50:39 - Пользователь admin adminov (@admin) был на странице результатов.
2022-07-14 14:52:01 - Пользователь admin adminov (@admin) был на странице результатов.
2022-07-14 14:52:04 - Пользователь admin adminov (@admin) был на странице загрузки анализов.
2022-07-14 14:52:43 - Пользователь admin adminov (@admin) был на странице загрузки анализов.
2022-07-14 14:53:03 - Пользователь admin adminov (@admin) был на странице результатов.
2022-07-14 14:53:05 - Пользователь admin adminov (@admin) был на странице результатов.
2022-07-14 14:53:16 - Пользователь admin adminov (@admin) был на странице загрузки анализов.
2022-07-14 14:58:08 - Пользователь admin adminov (@admin) был на странице результатов.
2022-07-14 14:59:51 - Пользователь admin adminov (@admin) был на странице загрузки анализов.
2022-07-14 15:00:05 - Пользователь admin adminov (@admin) был на странице загрузки анализов.
2022-07-14 15:00:07 - Пользователь admin adminov (@admin) был на странице результатов.
2022-07-14 15:00:48 - Пользователь admin adminov (@admin) был на странице загрузки анализов.
2022-07-14 15:00:59 - Пользователь admin adminov (@admin) был на странице загрузки анализов.
2022-07-14 15:01:00 - Пользователь admin adminov (@admin) был на странице результатов.
